  [1m[36m (34.4ms)[0m  [1mCREATE TABLE "schema_migrations" ("version" character varying NOT NULL) [0m
  [1m[35m (1.7ms)[0m  CREATE UNIQUE INDEX  "unique_schema_migrations" ON "schema_migrations"  ("version")
  [1m[36mActiveRecord::SchemaMigration Load (0.3ms)[0m  [1mSELECT "schema_migrations".* FROM "schema_migrations"[0m
Migrating to CreateUsersTable (20160123220750)
  [1m[36mActiveRecord::SchemaMigration Load (0.3ms)[0m  [1mSELECT "schema_migrations".* FROM "schema_migrations"[0m
Migrating to CreateUsersTable (20160123220750)
  [1m[36mActiveRecord::SchemaMigration Load (0.3ms)[0m  [1mSELECT "schema_migrations".* FROM "schema_migrations"[0m
Migrating to CreateUsersTable (20160123220750)
  [1m[36mActiveRecord::SchemaMigration Load (0.3ms)[0m  [1mSELECT "schema_migrations".* FROM "schema_migrations"[0m
Migrating to CreateUsersTable (20160123220750)
  [1m[36mActiveRecord::SchemaMigration Load (1.1ms)[0m  [1mSELECT "schema_migrations".* FROM "schema_migrations"[0m
Migrating to CreateUsersTable (20160123220750)
  [1m[36mActiveRecord::SchemaMigration Load (0.3ms)[0m  [1mSELECT "schema_migrations".* FROM "schema_migrations"[0m
Migrating to CreateUsersTable (20160123220750)
  [1m[36mActiveRecord::SchemaMigration Load (0.3ms)[0m  [1mSELECT "schema_migrations".* FROM "schema_migrations"[0m
Migrating to CreateUsersTable (20160123220750)
  [1m[35m (0.1ms)[0m  BEGIN
DEPRECATION WARNING: `#timestamps` was called without specifying an option for `null`. In Rails 5, this behavior will change to `null: false`. You should manually specify `null: true` to prevent the behavior of your existing migrations from changing. (called from block in change at /Users/willgranger/Desktop/Coding/phase-3/week-7/sounds_we_saw/db/migrate/20160123220750_create_users_table.rb:8)
  [1m[36m (5.8ms)[0m  [1mCREATE TABLE "users" ("id" serial primary key, "first_name" character varying, "last_name" character varying, "username" character varying, "email" character varying, "created_at" timestamp, "updated_at" timestamp) [0m
  [1m[35mSQL (11.9ms)[0m  INSERT INTO "schema_migrations" ("version") VALUES ($1)  [["version", "20160123220750"]]
  [1m[36m (11.6ms)[0m  [1mCOMMIT[0m
Migrating to CreateArticlesTable (20160123220811)
  [1m[36mActiveRecord::SchemaMigration Load (0.3ms)[0m  [1mSELECT "schema_migrations".* FROM "schema_migrations"[0m
Migrating to CreateArticlesTable (20160123220811)
  [1m[35m (0.1ms)[0m  BEGIN
DEPRECATION WARNING: `#timestamps` was called without specifying an option for `null`. In Rails 5, this behavior will change to `null: false`. You should manually specify `null: true` to prevent the behavior of your existing migrations from changing. (called from block in change at /Users/willgranger/Desktop/Coding/phase-3/week-7/sounds_we_saw/db/migrate/20160123220811_create_articles_table.rb:8)
  [1m[36m (15.1ms)[0m  [1mCREATE TABLE "articles" ("id" serial primary key, "title" character varying, "content" text, "user_id" integer, "song_id" integer, "created_at" timestamp, "updated_at" timestamp) [0m
  [1m[35mSQL (0.5ms)[0m  INSERT INTO "schema_migrations" ("version") VALUES ($1)  [["version", "20160123220811"]]
  [1m[36m (0.4ms)[0m  [1mCOMMIT[0m
Migrating to CreateSongsTable (20160123220818)
  [1m[35m (0.2ms)[0m  BEGIN
DEPRECATION WARNING: `#timestamps` was called without specifying an option for `null`. In Rails 5, this behavior will change to `null: false`. You should manually specify `null: true` to prevent the behavior of your existing migrations from changing. (called from block in change at /Users/willgranger/Desktop/Coding/phase-3/week-7/sounds_we_saw/db/migrate/20160123220818_create_songs_table.rb:8)
  [1m[36m (2.6ms)[0m  [1mCREATE TABLE "songs" ("id" serial primary key, "title" character varying, "artist" character varying, "album" character varying, "year" integer, "created_at" timestamp, "updated_at" timestamp) [0m
  [1m[35mSQL (0.1ms)[0m  INSERT INTO "schema_migrations" ("version") VALUES ($1)  [["version", "20160123220818"]]
  [1m[36m (2.0ms)[0m  [1mCOMMIT[0m
Migrating to CreatePlaylistsTable (20160123220825)
  [1m[35m (0.2ms)[0m  BEGIN
DEPRECATION WARNING: `#timestamps` was called without specifying an option for `null`. In Rails 5, this behavior will change to `null: false`. You should manually specify `null: true` to prevent the behavior of your existing migrations from changing. (called from block in change at /Users/willgranger/Desktop/Coding/phase-3/week-7/sounds_we_saw/db/migrate/20160123220825_create_playlists_table.rb:6)
  [1m[36m (4.5ms)[0m  [1mCREATE TABLE "playlists" ("id" serial primary key, "title" character varying, "user_id" integer, "created_at" timestamp, "updated_at" timestamp) [0m
  [1m[35mSQL (0.2ms)[0m  INSERT INTO "schema_migrations" ("version") VALUES ($1)  [["version", "20160123220825"]]
  [1m[36m (0.5ms)[0m  [1mCOMMIT[0m
Migrating to CreateTracklists (20160123222333)
  [1m[35m (0.4ms)[0m  BEGIN
DEPRECATION WARNING: `#timestamps` was called without specifying an option for `null`. In Rails 5, this behavior will change to `null: false`. You should manually specify `null: true` to prevent the behavior of your existing migrations from changing. (called from block in change at /Users/willgranger/Desktop/Coding/phase-3/week-7/sounds_we_saw/db/migrate/20160123222333_create_tracklists.rb:6)
  [1m[36m (2.3ms)[0m  [1mCREATE TABLE "tracklists" ("id" serial primary key, "song_id" integer, "playlist_id" integer, "created_at" timestamp, "updated_at" timestamp) [0m
  [1m[35mSQL (0.1ms)[0m  INSERT INTO "schema_migrations" ("version") VALUES ($1)  [["version", "20160123222333"]]
  [1m[36m (0.3ms)[0m  [1mCOMMIT[0m
  [1m[35mActiveRecord::SchemaMigration Load (0.6ms)[0m  SELECT "schema_migrations".* FROM "schema_migrations"
  [1m[36m (4.2ms)[0m  [1mSELECT t2.oid::regclass::text AS to_table, a1.attname AS column, a2.attname AS primary_key, c.conname AS name, c.confupdtype AS on_update, c.confdeltype AS on_delete
FROM pg_constraint c
JOIN pg_class t1 ON c.conrelid = t1.oid
JOIN pg_class t2 ON c.confrelid = t2.oid
JOIN pg_attribute a1 ON a1.attnum = c.conkey[1] AND a1.attrelid = t1.oid
JOIN pg_attribute a2 ON a2.attnum = c.confkey[1] AND a2.attrelid = t2.oid
JOIN pg_namespace t3 ON c.connamespace = t3.oid
WHERE c.contype = 'f'
  AND t1.relname = 'articles'
  AND t3.nspname = ANY (current_schemas(false))
ORDER BY c.conname
[0m
  [1m[35m (1.6ms)[0m  SELECT t2.oid::regclass::text AS to_table, a1.attname AS column, a2.attname AS primary_key, c.conname AS name, c.confupdtype AS on_update, c.confdeltype AS on_delete
FROM pg_constraint c
JOIN pg_class t1 ON c.conrelid = t1.oid
JOIN pg_class t2 ON c.confrelid = t2.oid
JOIN pg_attribute a1 ON a1.attnum = c.conkey[1] AND a1.attrelid = t1.oid
JOIN pg_attribute a2 ON a2.attnum = c.confkey[1] AND a2.attrelid = t2.oid
JOIN pg_namespace t3 ON c.connamespace = t3.oid
WHERE c.contype = 'f'
  AND t1.relname = 'playlists'
  AND t3.nspname = ANY (current_schemas(false))
ORDER BY c.conname

  [1m[36m (1.4ms)[0m  [1mSELECT t2.oid::regclass::text AS to_table, a1.attname AS column, a2.attname AS primary_key, c.conname AS name, c.confupdtype AS on_update, c.confdeltype AS on_delete
FROM pg_constraint c
JOIN pg_class t1 ON c.conrelid = t1.oid
JOIN pg_class t2 ON c.confrelid = t2.oid
JOIN pg_attribute a1 ON a1.attnum = c.conkey[1] AND a1.attrelid = t1.oid
JOIN pg_attribute a2 ON a2.attnum = c.confkey[1] AND a2.attrelid = t2.oid
JOIN pg_namespace t3 ON c.connamespace = t3.oid
WHERE c.contype = 'f'
  AND t1.relname = 'songs'
  AND t3.nspname = ANY (current_schemas(false))
ORDER BY c.conname
[0m
  [1m[35m (1.4ms)[0m  SELECT t2.oid::regclass::text AS to_table, a1.attname AS column, a2.attname AS primary_key, c.conname AS name, c.confupdtype AS on_update, c.confdeltype AS on_delete
FROM pg_constraint c
JOIN pg_class t1 ON c.conrelid = t1.oid
JOIN pg_class t2 ON c.confrelid = t2.oid
JOIN pg_attribute a1 ON a1.attnum = c.conkey[1] AND a1.attrelid = t1.oid
JOIN pg_attribute a2 ON a2.attnum = c.confkey[1] AND a2.attrelid = t2.oid
JOIN pg_namespace t3 ON c.connamespace = t3.oid
WHERE c.contype = 'f'
  AND t1.relname = 'tracklists'
  AND t3.nspname = ANY (current_schemas(false))
ORDER BY c.conname

  [1m[36m (1.5ms)[0m  [1mSELECT t2.oid::regclass::text AS to_table, a1.attname AS column, a2.attname AS primary_key, c.conname AS name, c.confupdtype AS on_update, c.confdeltype AS on_delete
FROM pg_constraint c
JOIN pg_class t1 ON c.conrelid = t1.oid
JOIN pg_class t2 ON c.confrelid = t2.oid
JOIN pg_attribute a1 ON a1.attnum = c.conkey[1] AND a1.attrelid = t1.oid
JOIN pg_attribute a2 ON a2.attnum = c.confkey[1] AND a2.attrelid = t2.oid
JOIN pg_namespace t3 ON c.connamespace = t3.oid
WHERE c.contype = 'f'
  AND t1.relname = 'users'
  AND t3.nspname = ANY (current_schemas(false))
ORDER BY c.conname
[0m


Started GET "/" for ::1 at 2016-01-23 21:32:59 -0600
  [1m[36mActiveRecord::SchemaMigration Load (0.4ms)[0m  [1mSELECT "schema_migrations".* FROM "schema_migrations"[0m
Processing by WelcomeController#index as HTML
  Rendered welcome/index.html within layouts/application (2.1ms)
Completed 200 OK in 5099ms (Views: 5090.3ms | ActiveRecord: 0.0ms)


Started GET "/assets/materialize.self-64807c4e0b3f8190589b82469d74d02302ce732019200583c9417351b20dac06.css?body=1" for ::1 at 2016-01-23 21:33:04 -0600


Started GET "/assets/development/react.self-7b6d4d9bb038202df4841a80039cfea3df922576794ef968c155bf58c702c25a.js?body=1" for ::1 at 2016-01-23 21:33:04 -0600


Started GET "/assets/react_ujs.self-c42e5ee44bcda6910afca6fb40f99d9963074b3aefe72365ce90c24312e73b2b.js?body=1" for ::1 at 2016-01-23 21:33:04 -0600


Started GET "/assets/components.self-e3b0c44298fc1c149afbf4c8996fb92427ae41e4649b934ca495991b7852b855.js?body=1" for ::1 at 2016-01-23 21:33:04 -0600


Started GET "/assets/materialize/initial.self-5fc251c38da473321319aa59154bbaf8d6a0e5dd635dcb3e4de6f70af7ef6f5c.js?body=1" for ::1 at 2016-01-23 21:33:04 -0600


Started GET "/assets/materialize/jquery.easing.1.3.self-0170bc905fbddc075a56bdccce1be6a58f3713a14137b607ba9bd9f96fd7835f.js?body=1" for ::1 at 2016-01-23 21:33:04 -0600


Started GET "/assets/materialize/animation.self-a1028b0bcf2e26331bedf7b90e81103f0707e69fdec488aa951de94b51987767.js?body=1" for ::1 at 2016-01-23 21:33:04 -0600


Started GET "/assets/materialize/velocity.min.self-5adbb81af5c205a959e06198156b4b31fcd57f02c592e3fb096d7b74e8f401a6.js?body=1" for ::1 at 2016-01-23 21:33:04 -0600


Started GET "/assets/materialize/hammer.min.self-bf8bdb0953b1a135f96716e362e1f7a8e64168c914fa77ca31973bb70e57a731.js?body=1" for ::1 at 2016-01-23 21:33:04 -0600


Started GET "/assets/materialize/jquery.hammer.self-73fd69102f356b9abfc9ee242b19895f62454f42cfcfa1f066be71d2c8f41c7a.js?body=1" for ::1 at 2016-01-23 21:33:04 -0600


Started GET "/assets/materialize/global.self-90649deff3358499c5859330da1363eea3e2bef75c80df5940f3894778f95027.js?body=1" for ::1 at 2016-01-23 21:33:04 -0600


Started GET "/assets/materialize/collapsible.self-28e651bb34f045977f525ed2f35a22955e549b9e783851dba0b75b480c75abb2.js?body=1" for ::1 at 2016-01-23 21:33:04 -0600


Started GET "/assets/materialize/dropdown.self-a1ff4400a417f25698cc5cc70e36e273953beaf52226d09b3795ce3edc473a66.js?body=1" for ::1 at 2016-01-23 21:33:04 -0600


Started GET "/assets/materialize/leanModal.self-4db1374f875e0a1a2ba3389d23cae8f6f0c2672e7e69aeab7645ed51d26e6915.js?body=1" for ::1 at 2016-01-23 21:33:04 -0600


Started GET "/assets/materialize/materialbox.self-6c6b2ba48598681c90551b540338699c75cf2f9ada34cc4b22570c217b9292d8.js?body=1" for ::1 at 2016-01-23 21:33:04 -0600


Started GET "/assets/materialize/parallax.self-7ac34f0f3dcef83deee116ea473a2770cec13e07c8e0dcce08cc2372bbe295d3.js?body=1" for ::1 at 2016-01-23 21:33:04 -0600


Started GET "/assets/materialize/tabs.self-922f8a5ef8f7381c945259a9f1dcaf6d628630cda8fcbbfe182ea653091b165c.js?body=1" for ::1 at 2016-01-23 21:33:04 -0600


Started GET "/assets/materialize/tooltip.self-df3538fd067523c8b7f4d50e060340ec0b551ebaba9733e157c404df9a96a185.js?body=1" for ::1 at 2016-01-23 21:33:04 -0600


Started GET "/assets/materialize/waves.self-26e9b9cfaa9ccbc292ed510f654bd279d69695f5337a14c9800b36e92f96735b.js?body=1" for ::1 at 2016-01-23 21:33:04 -0600


Started GET "/assets/materialize/toasts.self-1eaa9f33c4c3b83f381997876ba6ac53899a5ca72a6b401708c32625fc553adc.js?body=1" for ::1 at 2016-01-23 21:33:04 -0600


Started GET "/assets/materialize/sideNav.self-d1aa0f50b6f5d0d9a7086344d806fc133274dd021e58f837cbe39e309012045b.js?body=1" for ::1 at 2016-01-23 21:33:04 -0600


Started GET "/assets/materialize/scrollspy.self-9bd8d701ac90c813a0d051ab4943150bdb536d863646d8b349c42a88edb31cf8.js?body=1" for ::1 at 2016-01-23 21:33:04 -0600


Started GET "/assets/materialize/forms.self-95e85e335577e28202a4b4034a754320f866221010ed4a0be2cbf6af0dd79f1d.js?body=1" for ::1 at 2016-01-23 21:33:04 -0600


Started GET "/assets/materialize/slider.self-8052f7188f9e8ab3d03b246d4942a4824edb9614d0d130051d11ba1354c9c798.js?body=1" for ::1 at 2016-01-23 21:33:04 -0600


Started GET "/assets/materialize/cards.self-b1de04b6f5f525d63199f556bb55d5b8bdae7170b91bfcb503958bc8ed10945b.js?body=1" for ::1 at 2016-01-23 21:33:04 -0600


Started GET "/assets/materialize/chips.self-9b19ca899ba360746581059852bf2a40b3338402eef9df9a7806efd8578056dd.js?body=1" for ::1 at 2016-01-23 21:33:04 -0600


Started GET "/assets/materialize/pushpin.self-3e487290a48f23142c992c158b45cbd0be9c83de7c23abbb33b195954d1883cd.js?body=1" for ::1 at 2016-01-23 21:33:04 -0600


Started GET "/assets/materialize/buttons.self-fc0951c300b1984a00694eabc8c451531be448d646ac073b05e4d2fbf7209302.js?body=1" for ::1 at 2016-01-23 21:33:04 -0600


Started GET "/assets/materialize/transitions.self-c527b205edfdd1f961487c4c7beaf83c335262accb4dff964341a86eb60fd2f2.js?body=1" for ::1 at 2016-01-23 21:33:04 -0600


Started GET "/assets/materialize/scrollFire.self-d38b34eac05d33baa79181ef5ba72c67b7f73714ff11cda22495d30f4469298f.js?body=1" for ::1 at 2016-01-23 21:33:04 -0600


Started GET "/assets/materialize/date_picker/picker.self-f7869dc9881d3874917e009ea6e30d68817b1bd1247665fb653e0f87393fb60f.js?body=1" for ::1 at 2016-01-23 21:33:04 -0600


Started GET "/assets/materialize/date_picker/picker.date.self-5924b278beda2df8570f137f72b37e2d0f516acbc11a0994d1abb74380f078ef.js?body=1" for ::1 at 2016-01-23 21:33:04 -0600


Started GET "/assets/materialize/character_counter.self-f3a78940ad5b851c1b7b79d86a5d5d9bdf0dc15e0e58e2a58b3eb57d845fbd37.js?body=1" for ::1 at 2016-01-23 21:33:04 -0600


Started GET "/assets/materialize/carousel.self-6f3b9002af3ab4d871a03a44d2e174370720ab31f19a4ee543c1904c32e2befa.js?body=1" for ::1 at 2016-01-23 21:33:04 -0600


Started GET "/assets/materialize-sprockets.self-4691589913babdfbd3fb736895105a8e826d4abde842e6d1e8dd2d188e255bc7.js?body=1" for ::1 at 2016-01-23 21:33:04 -0600


Started GET "/assets/application.self-a1a74291c4c48f2f663a025ffa678498d6448b849a2d74c0ca25e39ee192c0a7.js?body=1" for ::1 at 2016-01-23 21:33:04 -0600


Started GET "/" for ::1 at 2016-01-23 21:33:04 -0600
Processing by WelcomeController#index as HTML
  Rendered welcome/index.html within layouts/application (0.1ms)
Completed 200 OK in 117ms (Views: 115.8ms | ActiveRecord: 0.0ms)


Started GET "/assets/roboto/Roboto-Regular-b5c9c23bd12593523a46d79dd0aee80e3226bbde4c9ac05fc30a95e2c1510de0.woff2" for ::1 at 2016-01-23 21:33:05 -0600


Started GET "/" for ::1 at 2016-01-23 21:33:09 -0600
Processing by WelcomeController#index as HTML
  Rendered welcome/index.html within layouts/application (0.0ms)
Completed 200 OK in 72ms (Views: 71.2ms | ActiveRecord: 0.0ms)


Started GET "/" for ::1 at 2016-01-23 21:33:18 -0600
Processing by WelcomeController#index as HTML
  Rendered welcome/index.html within layouts/application (0.1ms)
Completed 200 OK in 65ms (Views: 64.6ms | ActiveRecord: 0.0ms)


Started GET "/" for ::1 at 2016-01-23 21:34:02 -0600
Processing by WelcomeController#index as HTML
  Rendered welcome/index.html within layouts/application (0.0ms)
Completed 200 OK in 64ms (Views: 63.3ms | ActiveRecord: 0.0ms)


Started GET "/assets/application.self-e80e8f2318043e8af94dddc2adad5a4f09739a8ebb323b3ab31cd71d45fd9113.css?body=1" for ::1 at 2016-01-23 21:34:02 -0600


Started GET "/assets/materialize.self-64807c4e0b3f8190589b82469d74d02302ce732019200583c9417351b20dac06.css?body=1" for ::1 at 2016-01-23 21:34:02 -0600


Started GET "/assets/turbolinks.self-c37727e9bd6b2735da5c311aa83fead54ed0be6cc8bd9a65309e9c5abe2cbfff.js?body=1" for ::1 at 2016-01-23 21:34:02 -0600


Started GET "/assets/jquery.self-c64a74367bda6ef8b860f19e74df08927ca99d2be2ac934e9e92d5fd361e0da4.js?body=1" for ::1 at 2016-01-23 21:34:02 -0600


Started GET "/assets/react_ujs.self-c42e5ee44bcda6910afca6fb40f99d9963074b3aefe72365ce90c24312e73b2b.js?body=1" for ::1 at 2016-01-23 21:34:02 -0600


Started GET "/assets/jquery_ujs.self-d602bdfe68ffc63b9f9cc512872aa3cfff046228a0a36e90dd476e8ef54c1b09.js?body=1" for ::1 at 2016-01-23 21:34:02 -0600


Started GET "/assets/development/react.self-7b6d4d9bb038202df4841a80039cfea3df922576794ef968c155bf58c702c25a.js?body=1" for ::1 at 2016-01-23 21:34:02 -0600


Started GET "/assets/components.self-e3b0c44298fc1c149afbf4c8996fb92427ae41e4649b934ca495991b7852b855.js?body=1" for ::1 at 2016-01-23 21:34:02 -0600


Started GET "/assets/materialize/initial.self-5fc251c38da473321319aa59154bbaf8d6a0e5dd635dcb3e4de6f70af7ef6f5c.js?body=1" for ::1 at 2016-01-23 21:34:02 -0600


Started GET "/assets/materialize/jquery.easing.1.3.self-0170bc905fbddc075a56bdccce1be6a58f3713a14137b607ba9bd9f96fd7835f.js?body=1" for ::1 at 2016-01-23 21:34:02 -0600


Started GET "/assets/materialize/animation.self-a1028b0bcf2e26331bedf7b90e81103f0707e69fdec488aa951de94b51987767.js?body=1" for ::1 at 2016-01-23 21:34:02 -0600


Started GET "/assets/materialize/velocity.min.self-5adbb81af5c205a959e06198156b4b31fcd57f02c592e3fb096d7b74e8f401a6.js?body=1" for ::1 at 2016-01-23 21:34:02 -0600


Started GET "/assets/materialize/hammer.min.self-bf8bdb0953b1a135f96716e362e1f7a8e64168c914fa77ca31973bb70e57a731.js?body=1" for ::1 at 2016-01-23 21:34:02 -0600


Started GET "/assets/materialize/jquery.hammer.self-73fd69102f356b9abfc9ee242b19895f62454f42cfcfa1f066be71d2c8f41c7a.js?body=1" for ::1 at 2016-01-23 21:34:02 -0600


Started GET "/assets/materialize/global.self-90649deff3358499c5859330da1363eea3e2bef75c80df5940f3894778f95027.js?body=1" for ::1 at 2016-01-23 21:34:02 -0600


Started GET "/assets/materialize/collapsible.self-28e651bb34f045977f525ed2f35a22955e549b9e783851dba0b75b480c75abb2.js?body=1" for ::1 at 2016-01-23 21:34:02 -0600


Started GET "/assets/materialize/dropdown.self-a1ff4400a417f25698cc5cc70e36e273953beaf52226d09b3795ce3edc473a66.js?body=1" for ::1 at 2016-01-23 21:34:02 -0600


Started GET "/assets/materialize/leanModal.self-4db1374f875e0a1a2ba3389d23cae8f6f0c2672e7e69aeab7645ed51d26e6915.js?body=1" for ::1 at 2016-01-23 21:34:02 -0600


Started GET "/assets/materialize/materialbox.self-6c6b2ba48598681c90551b540338699c75cf2f9ada34cc4b22570c217b9292d8.js?body=1" for ::1 at 2016-01-23 21:34:02 -0600


Started GET "/assets/materialize/parallax.self-7ac34f0f3dcef83deee116ea473a2770cec13e07c8e0dcce08cc2372bbe295d3.js?body=1" for ::1 at 2016-01-23 21:34:02 -0600


Started GET "/assets/materialize/tabs.self-922f8a5ef8f7381c945259a9f1dcaf6d628630cda8fcbbfe182ea653091b165c.js?body=1" for ::1 at 2016-01-23 21:34:02 -0600


Started GET "/assets/materialize/tooltip.self-df3538fd067523c8b7f4d50e060340ec0b551ebaba9733e157c404df9a96a185.js?body=1" for ::1 at 2016-01-23 21:34:02 -0600


Started GET "/assets/materialize/waves.self-26e9b9cfaa9ccbc292ed510f654bd279d69695f5337a14c9800b36e92f96735b.js?body=1" for ::1 at 2016-01-23 21:34:02 -0600


Started GET "/assets/materialize/toasts.self-1eaa9f33c4c3b83f381997876ba6ac53899a5ca72a6b401708c32625fc553adc.js?body=1" for ::1 at 2016-01-23 21:34:02 -0600


Started GET "/assets/materialize/sideNav.self-d1aa0f50b6f5d0d9a7086344d806fc133274dd021e58f837cbe39e309012045b.js?body=1" for ::1 at 2016-01-23 21:34:02 -0600


Started GET "/assets/materialize/scrollspy.self-9bd8d701ac90c813a0d051ab4943150bdb536d863646d8b349c42a88edb31cf8.js?body=1" for ::1 at 2016-01-23 21:34:02 -0600


Started GET "/assets/materialize/forms.self-95e85e335577e28202a4b4034a754320f866221010ed4a0be2cbf6af0dd79f1d.js?body=1" for ::1 at 2016-01-23 21:34:02 -0600


Started GET "/assets/materialize/slider.self-8052f7188f9e8ab3d03b246d4942a4824edb9614d0d130051d11ba1354c9c798.js?body=1" for ::1 at 2016-01-23 21:34:02 -0600


Started GET "/assets/materialize/cards.self-b1de04b6f5f525d63199f556bb55d5b8bdae7170b91bfcb503958bc8ed10945b.js?body=1" for ::1 at 2016-01-23 21:34:02 -0600


Started GET "/assets/materialize/chips.self-9b19ca899ba360746581059852bf2a40b3338402eef9df9a7806efd8578056dd.js?body=1" for ::1 at 2016-01-23 21:34:02 -0600


Started GET "/assets/materialize/pushpin.self-3e487290a48f23142c992c158b45cbd0be9c83de7c23abbb33b195954d1883cd.js?body=1" for ::1 at 2016-01-23 21:34:02 -0600


Started GET "/assets/materialize/buttons.self-fc0951c300b1984a00694eabc8c451531be448d646ac073b05e4d2fbf7209302.js?body=1" for ::1 at 2016-01-23 21:34:02 -0600


Started GET "/assets/materialize/transitions.self-c527b205edfdd1f961487c4c7beaf83c335262accb4dff964341a86eb60fd2f2.js?body=1" for ::1 at 2016-01-23 21:34:02 -0600


Started GET "/assets/materialize/scrollFire.self-d38b34eac05d33baa79181ef5ba72c67b7f73714ff11cda22495d30f4469298f.js?body=1" for ::1 at 2016-01-23 21:34:02 -0600


Started GET "/assets/materialize/date_picker/picker.self-f7869dc9881d3874917e009ea6e30d68817b1bd1247665fb653e0f87393fb60f.js?body=1" for ::1 at 2016-01-23 21:34:02 -0600


Started GET "/assets/materialize/date_picker/picker.date.self-5924b278beda2df8570f137f72b37e2d0f516acbc11a0994d1abb74380f078ef.js?body=1" for ::1 at 2016-01-23 21:34:02 -0600


Started GET "/assets/materialize/character_counter.self-f3a78940ad5b851c1b7b79d86a5d5d9bdf0dc15e0e58e2a58b3eb57d845fbd37.js?body=1" for ::1 at 2016-01-23 21:34:02 -0600


Started GET "/assets/materialize/carousel.self-6f3b9002af3ab4d871a03a44d2e174370720ab31f19a4ee543c1904c32e2befa.js?body=1" for ::1 at 2016-01-23 21:34:02 -0600


Started GET "/assets/materialize-sprockets.self-4691589913babdfbd3fb736895105a8e826d4abde842e6d1e8dd2d188e255bc7.js?body=1" for ::1 at 2016-01-23 21:34:02 -0600


Started GET "/assets/application.self-a1a74291c4c48f2f663a025ffa678498d6448b849a2d74c0ca25e39ee192c0a7.js?body=1" for ::1 at 2016-01-23 21:34:02 -0600


Started GET "/assets/roboto/Roboto-Regular-b5c9c23bd12593523a46d79dd0aee80e3226bbde4c9ac05fc30a95e2c1510de0.woff2" for ::1 at 2016-01-23 21:34:02 -0600


Started GET "/" for ::1 at 2016-01-23 21:34:17 -0600
Processing by WelcomeController#index as HTML
  Rendered welcome/index.html within layouts/application (0.0ms)
Completed 200 OK in 111ms (Views: 110.6ms | ActiveRecord: 0.0ms)


Started GET "/assets/application.self-e80e8f2318043e8af94dddc2adad5a4f09739a8ebb323b3ab31cd71d45fd9113.css?body=1" for ::1 at 2016-01-23 21:34:17 -0600


Started GET "/assets/jquery_ujs.self-d602bdfe68ffc63b9f9cc512872aa3cfff046228a0a36e90dd476e8ef54c1b09.js?body=1" for ::1 at 2016-01-23 21:34:17 -0600


Started GET "/assets/jquery.self-c64a74367bda6ef8b860f19e74df08927ca99d2be2ac934e9e92d5fd361e0da4.js?body=1" for ::1 at 2016-01-23 21:34:17 -0600


Started GET "/assets/development/react.self-7b6d4d9bb038202df4841a80039cfea3df922576794ef968c155bf58c702c25a.js?body=1" for ::1 at 2016-01-23 21:34:17 -0600


Started GET "/assets/turbolinks.self-c37727e9bd6b2735da5c311aa83fead54ed0be6cc8bd9a65309e9c5abe2cbfff.js?body=1" for ::1 at 2016-01-23 21:34:17 -0600


Started GET "/assets/materialize.self-64807c4e0b3f8190589b82469d74d02302ce732019200583c9417351b20dac06.css?body=1" for ::1 at 2016-01-23 21:34:17 -0600


Started GET "/assets/react_ujs.self-c42e5ee44bcda6910afca6fb40f99d9963074b3aefe72365ce90c24312e73b2b.js?body=1" for ::1 at 2016-01-23 21:34:17 -0600


Started GET "/assets/components.self-e3b0c44298fc1c149afbf4c8996fb92427ae41e4649b934ca495991b7852b855.js?body=1" for ::1 at 2016-01-23 21:34:17 -0600


Started GET "/assets/materialize/initial.self-5fc251c38da473321319aa59154bbaf8d6a0e5dd635dcb3e4de6f70af7ef6f5c.js?body=1" for ::1 at 2016-01-23 21:34:17 -0600


Started GET "/assets/materialize/jquery.easing.1.3.self-0170bc905fbddc075a56bdccce1be6a58f3713a14137b607ba9bd9f96fd7835f.js?body=1" for ::1 at 2016-01-23 21:34:17 -0600


Started GET "/assets/materialize/animation.self-a1028b0bcf2e26331bedf7b90e81103f0707e69fdec488aa951de94b51987767.js?body=1" for ::1 at 2016-01-23 21:34:17 -0600


Started GET "/assets/materialize/velocity.min.self-5adbb81af5c205a959e06198156b4b31fcd57f02c592e3fb096d7b74e8f401a6.js?body=1" for ::1 at 2016-01-23 21:34:17 -0600


Started GET "/assets/materialize/hammer.min.self-bf8bdb0953b1a135f96716e362e1f7a8e64168c914fa77ca31973bb70e57a731.js?body=1" for ::1 at 2016-01-23 21:34:17 -0600


Started GET "/assets/materialize/jquery.hammer.self-73fd69102f356b9abfc9ee242b19895f62454f42cfcfa1f066be71d2c8f41c7a.js?body=1" for ::1 at 2016-01-23 21:34:17 -0600


Started GET "/assets/materialize/global.self-90649deff3358499c5859330da1363eea3e2bef75c80df5940f3894778f95027.js?body=1" for ::1 at 2016-01-23 21:34:17 -0600


Started GET "/assets/materialize/collapsible.self-28e651bb34f045977f525ed2f35a22955e549b9e783851dba0b75b480c75abb2.js?body=1" for ::1 at 2016-01-23 21:34:17 -0600


Started GET "/assets/materialize/dropdown.self-a1ff4400a417f25698cc5cc70e36e273953beaf52226d09b3795ce3edc473a66.js?body=1" for ::1 at 2016-01-23 21:34:17 -0600


Started GET "/assets/materialize/leanModal.self-4db1374f875e0a1a2ba3389d23cae8f6f0c2672e7e69aeab7645ed51d26e6915.js?body=1" for ::1 at 2016-01-23 21:34:17 -0600


Started GET "/assets/materialize/materialbox.self-6c6b2ba48598681c90551b540338699c75cf2f9ada34cc4b22570c217b9292d8.js?body=1" for ::1 at 2016-01-23 21:34:17 -0600


Started GET "/assets/materialize/parallax.self-7ac34f0f3dcef83deee116ea473a2770cec13e07c8e0dcce08cc2372bbe295d3.js?body=1" for ::1 at 2016-01-23 21:34:17 -0600


Started GET "/assets/materialize/tabs.self-922f8a5ef8f7381c945259a9f1dcaf6d628630cda8fcbbfe182ea653091b165c.js?body=1" for ::1 at 2016-01-23 21:34:17 -0600


Started GET "/assets/materialize/tooltip.self-df3538fd067523c8b7f4d50e060340ec0b551ebaba9733e157c404df9a96a185.js?body=1" for ::1 at 2016-01-23 21:34:17 -0600


Started GET "/assets/materialize/waves.self-26e9b9cfaa9ccbc292ed510f654bd279d69695f5337a14c9800b36e92f96735b.js?body=1" for ::1 at 2016-01-23 21:34:17 -0600


Started GET "/assets/materialize/toasts.self-1eaa9f33c4c3b83f381997876ba6ac53899a5ca72a6b401708c32625fc553adc.js?body=1" for ::1 at 2016-01-23 21:34:17 -0600


Started GET "/assets/materialize/sideNav.self-d1aa0f50b6f5d0d9a7086344d806fc133274dd021e58f837cbe39e309012045b.js?body=1" for ::1 at 2016-01-23 21:34:17 -0600


Started GET "/assets/materialize/scrollspy.self-9bd8d701ac90c813a0d051ab4943150bdb536d863646d8b349c42a88edb31cf8.js?body=1" for ::1 at 2016-01-23 21:34:17 -0600


Started GET "/assets/materialize/forms.self-95e85e335577e28202a4b4034a754320f866221010ed4a0be2cbf6af0dd79f1d.js?body=1" for ::1 at 2016-01-23 21:34:17 -0600


Started GET "/assets/materialize/slider.self-8052f7188f9e8ab3d03b246d4942a4824edb9614d0d130051d11ba1354c9c798.js?body=1" for ::1 at 2016-01-23 21:34:17 -0600


Started GET "/assets/materialize/cards.self-b1de04b6f5f525d63199f556bb55d5b8bdae7170b91bfcb503958bc8ed10945b.js?body=1" for ::1 at 2016-01-23 21:34:17 -0600


Started GET "/assets/materialize/chips.self-9b19ca899ba360746581059852bf2a40b3338402eef9df9a7806efd8578056dd.js?body=1" for ::1 at 2016-01-23 21:34:17 -0600


Started GET "/assets/materialize/pushpin.self-3e487290a48f23142c992c158b45cbd0be9c83de7c23abbb33b195954d1883cd.js?body=1" for ::1 at 2016-01-23 21:34:17 -0600


Started GET "/assets/materialize/buttons.self-fc0951c300b1984a00694eabc8c451531be448d646ac073b05e4d2fbf7209302.js?body=1" for ::1 at 2016-01-23 21:34:17 -0600


Started GET "/assets/materialize/transitions.self-c527b205edfdd1f961487c4c7beaf83c335262accb4dff964341a86eb60fd2f2.js?body=1" for ::1 at 2016-01-23 21:34:17 -0600


Started GET "/assets/materialize/scrollFire.self-d38b34eac05d33baa79181ef5ba72c67b7f73714ff11cda22495d30f4469298f.js?body=1" for ::1 at 2016-01-23 21:34:17 -0600


Started GET "/assets/materialize/date_picker/picker.self-f7869dc9881d3874917e009ea6e30d68817b1bd1247665fb653e0f87393fb60f.js?body=1" for ::1 at 2016-01-23 21:34:17 -0600


Started GET "/assets/materialize/date_picker/picker.date.self-5924b278beda2df8570f137f72b37e2d0f516acbc11a0994d1abb74380f078ef.js?body=1" for ::1 at 2016-01-23 21:34:17 -0600


Started GET "/assets/materialize/character_counter.self-f3a78940ad5b851c1b7b79d86a5d5d9bdf0dc15e0e58e2a58b3eb57d845fbd37.js?body=1" for ::1 at 2016-01-23 21:34:17 -0600


Started GET "/assets/materialize/carousel.self-6f3b9002af3ab4d871a03a44d2e174370720ab31f19a4ee543c1904c32e2befa.js?body=1" for ::1 at 2016-01-23 21:34:17 -0600


Started GET "/assets/materialize-sprockets.self-4691589913babdfbd3fb736895105a8e826d4abde842e6d1e8dd2d188e255bc7.js?body=1" for ::1 at 2016-01-23 21:34:17 -0600


Started GET "/assets/application.self-a1a74291c4c48f2f663a025ffa678498d6448b849a2d74c0ca25e39ee192c0a7.js?body=1" for ::1 at 2016-01-23 21:34:17 -0600


Started GET "/assets/roboto/Roboto-Regular-b5c9c23bd12593523a46d79dd0aee80e3226bbde4c9ac05fc30a95e2c1510de0.woff2" for ::1 at 2016-01-23 21:34:18 -0600


Started GET "/" for ::1 at 2016-01-23 22:43:52 -0600
  [1m[36mActiveRecord::SchemaMigration Load (0.5ms)[0m  [1mSELECT "schema_migrations".* FROM "schema_migrations"[0m
Processing by WelcomeController#index as HTML
  Rendered welcome/index.html within layouts/application (2.4ms)
Completed 200 OK in 502ms (Views: 492.1ms | ActiveRecord: 0.0ms)


Started GET "/assets/roboto/Roboto-Light-94a0ac8d73bb60a9cbe27a4fa36669104f6ffa37c8ff2df29313a6c0d3b64a75.woff2" for ::1 at 2016-01-23 22:43:53 -0600


Started GET "/" for ::1 at 2016-01-23 22:45:08 -0600
Processing by WelcomeController#index as HTML
  Rendered welcome/index.html within layouts/application (0.3ms)
Completed 200 OK in 74ms (Views: 73.1ms | ActiveRecord: 0.0ms)


Started GET "/assets/materialize.self-64807c4e0b3f8190589b82469d74d02302ce732019200583c9417351b20dac06.css?body=1" for ::1 at 2016-01-23 22:45:08 -0600


Started GET "/assets/application.self-e80e8f2318043e8af94dddc2adad5a4f09739a8ebb323b3ab31cd71d45fd9113.css?body=1" for ::1 at 2016-01-23 22:45:08 -0600


Started GET "/assets/jquery_ujs.self-d602bdfe68ffc63b9f9cc512872aa3cfff046228a0a36e90dd476e8ef54c1b09.js?body=1" for ::1 at 2016-01-23 22:45:08 -0600


Started GET "/assets/jquery.self-c64a74367bda6ef8b860f19e74df08927ca99d2be2ac934e9e92d5fd361e0da4.js?body=1" for ::1 at 2016-01-23 22:45:08 -0600


Started GET "/assets/turbolinks.self-c37727e9bd6b2735da5c311aa83fead54ed0be6cc8bd9a65309e9c5abe2cbfff.js?body=1" for ::1 at 2016-01-23 22:45:08 -0600


Started GET "/assets/development/react.self-7b6d4d9bb038202df4841a80039cfea3df922576794ef968c155bf58c702c25a.js?body=1" for ::1 at 2016-01-23 22:45:08 -0600


Started GET "/assets/react_ujs.self-c42e5ee44bcda6910afca6fb40f99d9963074b3aefe72365ce90c24312e73b2b.js?body=1" for ::1 at 2016-01-23 22:45:08 -0600


Started GET "/assets/components.self-e3b0c44298fc1c149afbf4c8996fb92427ae41e4649b934ca495991b7852b855.js?body=1" for ::1 at 2016-01-23 22:45:08 -0600


Started GET "/assets/materialize/initial.self-5fc251c38da473321319aa59154bbaf8d6a0e5dd635dcb3e4de6f70af7ef6f5c.js?body=1" for ::1 at 2016-01-23 22:45:08 -0600


Started GET "/assets/materialize/jquery.easing.1.3.self-0170bc905fbddc075a56bdccce1be6a58f3713a14137b607ba9bd9f96fd7835f.js?body=1" for ::1 at 2016-01-23 22:45:08 -0600


Started GET "/assets/materialize/animation.self-a1028b0bcf2e26331bedf7b90e81103f0707e69fdec488aa951de94b51987767.js?body=1" for ::1 at 2016-01-23 22:45:09 -0600


Started GET "/assets/materialize/velocity.min.self-5adbb81af5c205a959e06198156b4b31fcd57f02c592e3fb096d7b74e8f401a6.js?body=1" for ::1 at 2016-01-23 22:45:09 -0600


Started GET "/assets/materialize/hammer.min.self-bf8bdb0953b1a135f96716e362e1f7a8e64168c914fa77ca31973bb70e57a731.js?body=1" for ::1 at 2016-01-23 22:45:09 -0600


Started GET "/assets/materialize/jquery.hammer.self-73fd69102f356b9abfc9ee242b19895f62454f42cfcfa1f066be71d2c8f41c7a.js?body=1" for ::1 at 2016-01-23 22:45:09 -0600


Started GET "/assets/materialize/global.self-90649deff3358499c5859330da1363eea3e2bef75c80df5940f3894778f95027.js?body=1" for ::1 at 2016-01-23 22:45:09 -0600


Started GET "/assets/materialize/collapsible.self-28e651bb34f045977f525ed2f35a22955e549b9e783851dba0b75b480c75abb2.js?body=1" for ::1 at 2016-01-23 22:45:09 -0600


Started GET "/assets/materialize/dropdown.self-a1ff4400a417f25698cc5cc70e36e273953beaf52226d09b3795ce3edc473a66.js?body=1" for ::1 at 2016-01-23 22:45:09 -0600


Started GET "/assets/materialize/leanModal.self-4db1374f875e0a1a2ba3389d23cae8f6f0c2672e7e69aeab7645ed51d26e6915.js?body=1" for ::1 at 2016-01-23 22:45:09 -0600


Started GET "/assets/materialize/materialbox.self-6c6b2ba48598681c90551b540338699c75cf2f9ada34cc4b22570c217b9292d8.js?body=1" for ::1 at 2016-01-23 22:45:09 -0600


Started GET "/assets/materialize/parallax.self-7ac34f0f3dcef83deee116ea473a2770cec13e07c8e0dcce08cc2372bbe295d3.js?body=1" for ::1 at 2016-01-23 22:45:09 -0600


Started GET "/assets/materialize/tabs.self-922f8a5ef8f7381c945259a9f1dcaf6d628630cda8fcbbfe182ea653091b165c.js?body=1" for ::1 at 2016-01-23 22:45:09 -0600


Started GET "/assets/materialize/tooltip.self-df3538fd067523c8b7f4d50e060340ec0b551ebaba9733e157c404df9a96a185.js?body=1" for ::1 at 2016-01-23 22:45:09 -0600


Started GET "/assets/materialize/waves.self-26e9b9cfaa9ccbc292ed510f654bd279d69695f5337a14c9800b36e92f96735b.js?body=1" for ::1 at 2016-01-23 22:45:09 -0600


Started GET "/assets/materialize/toasts.self-1eaa9f33c4c3b83f381997876ba6ac53899a5ca72a6b401708c32625fc553adc.js?body=1" for ::1 at 2016-01-23 22:45:09 -0600


Started GET "/assets/materialize/sideNav.self-d1aa0f50b6f5d0d9a7086344d806fc133274dd021e58f837cbe39e309012045b.js?body=1" for ::1 at 2016-01-23 22:45:09 -0600


Started GET "/assets/materialize/scrollspy.self-9bd8d701ac90c813a0d051ab4943150bdb536d863646d8b349c42a88edb31cf8.js?body=1" for ::1 at 2016-01-23 22:45:09 -0600


Started GET "/assets/materialize/forms.self-95e85e335577e28202a4b4034a754320f866221010ed4a0be2cbf6af0dd79f1d.js?body=1" for ::1 at 2016-01-23 22:45:09 -0600


Started GET "/assets/materialize/slider.self-8052f7188f9e8ab3d03b246d4942a4824edb9614d0d130051d11ba1354c9c798.js?body=1" for ::1 at 2016-01-23 22:45:09 -0600


Started GET "/assets/materialize/cards.self-b1de04b6f5f525d63199f556bb55d5b8bdae7170b91bfcb503958bc8ed10945b.js?body=1" for ::1 at 2016-01-23 22:45:09 -0600


Started GET "/assets/materialize/chips.self-9b19ca899ba360746581059852bf2a40b3338402eef9df9a7806efd8578056dd.js?body=1" for ::1 at 2016-01-23 22:45:09 -0600


Started GET "/assets/materialize/pushpin.self-3e487290a48f23142c992c158b45cbd0be9c83de7c23abbb33b195954d1883cd.js?body=1" for ::1 at 2016-01-23 22:45:09 -0600


Started GET "/assets/materialize/buttons.self-fc0951c300b1984a00694eabc8c451531be448d646ac073b05e4d2fbf7209302.js?body=1" for ::1 at 2016-01-23 22:45:09 -0600


Started GET "/assets/materialize/transitions.self-c527b205edfdd1f961487c4c7beaf83c335262accb4dff964341a86eb60fd2f2.js?body=1" for ::1 at 2016-01-23 22:45:09 -0600


Started GET "/assets/materialize/scrollFire.self-d38b34eac05d33baa79181ef5ba72c67b7f73714ff11cda22495d30f4469298f.js?body=1" for ::1 at 2016-01-23 22:45:09 -0600


Started GET "/assets/materialize/date_picker/picker.self-f7869dc9881d3874917e009ea6e30d68817b1bd1247665fb653e0f87393fb60f.js?body=1" for ::1 at 2016-01-23 22:45:09 -0600


Started GET "/assets/materialize/date_picker/picker.date.self-5924b278beda2df8570f137f72b37e2d0f516acbc11a0994d1abb74380f078ef.js?body=1" for ::1 at 2016-01-23 22:45:09 -0600


Started GET "/assets/materialize/character_counter.self-f3a78940ad5b851c1b7b79d86a5d5d9bdf0dc15e0e58e2a58b3eb57d845fbd37.js?body=1" for ::1 at 2016-01-23 22:45:09 -0600


Started GET "/assets/materialize/carousel.self-6f3b9002af3ab4d871a03a44d2e174370720ab31f19a4ee543c1904c32e2befa.js?body=1" for ::1 at 2016-01-23 22:45:09 -0600


Started GET "/assets/materialize-sprockets.self-4691589913babdfbd3fb736895105a8e826d4abde842e6d1e8dd2d188e255bc7.js?body=1" for ::1 at 2016-01-23 22:45:09 -0600


Started GET "/assets/application.self-a1a74291c4c48f2f663a025ffa678498d6448b849a2d74c0ca25e39ee192c0a7.js?body=1" for ::1 at 2016-01-23 22:45:09 -0600


Started GET "/assets/roboto/Roboto-Regular-b5c9c23bd12593523a46d79dd0aee80e3226bbde4c9ac05fc30a95e2c1510de0.woff2" for ::1 at 2016-01-23 22:45:09 -0600


Started GET "/" for ::1 at 2016-01-23 23:11:10 -0600
Processing by WelcomeController#index as HTML
  Rendered welcome/index.html within layouts/application (0.2ms)
Completed 200 OK in 87ms (Views: 86.9ms | ActiveRecord: 0.0ms)


Started GET "/assets/materialize.self-64807c4e0b3f8190589b82469d74d02302ce732019200583c9417351b20dac06.css?body=1" for ::1 at 2016-01-23 23:11:10 -0600


Started GET "/assets/application.self-e80e8f2318043e8af94dddc2adad5a4f09739a8ebb323b3ab31cd71d45fd9113.css?body=1" for ::1 at 2016-01-23 23:11:10 -0600


Started GET "/assets/jquery.self-c64a74367bda6ef8b860f19e74df08927ca99d2be2ac934e9e92d5fd361e0da4.js?body=1" for ::1 at 2016-01-23 23:11:10 -0600


Started GET "/assets/jquery_ujs.self-d602bdfe68ffc63b9f9cc512872aa3cfff046228a0a36e90dd476e8ef54c1b09.js?body=1" for ::1 at 2016-01-23 23:11:10 -0600


Started GET "/assets/turbolinks.self-c37727e9bd6b2735da5c311aa83fead54ed0be6cc8bd9a65309e9c5abe2cbfff.js?body=1" for ::1 at 2016-01-23 23:11:10 -0600


Started GET "/assets/development/react.self-7b6d4d9bb038202df4841a80039cfea3df922576794ef968c155bf58c702c25a.js?body=1" for ::1 at 2016-01-23 23:11:10 -0600


Started GET "/assets/react_ujs.self-c42e5ee44bcda6910afca6fb40f99d9963074b3aefe72365ce90c24312e73b2b.js?body=1" for ::1 at 2016-01-23 23:11:10 -0600


Started GET "/assets/components.self-e3b0c44298fc1c149afbf4c8996fb92427ae41e4649b934ca495991b7852b855.js?body=1" for ::1 at 2016-01-23 23:11:10 -0600


Started GET "/assets/materialize/initial.self-5fc251c38da473321319aa59154bbaf8d6a0e5dd635dcb3e4de6f70af7ef6f5c.js?body=1" for ::1 at 2016-01-23 23:11:10 -0600


Started GET "/assets/materialize/jquery.easing.1.3.self-0170bc905fbddc075a56bdccce1be6a58f3713a14137b607ba9bd9f96fd7835f.js?body=1" for ::1 at 2016-01-23 23:11:10 -0600


Started GET "/assets/materialize/animation.self-a1028b0bcf2e26331bedf7b90e81103f0707e69fdec488aa951de94b51987767.js?body=1" for ::1 at 2016-01-23 23:11:10 -0600


Started GET "/assets/materialize/velocity.min.self-5adbb81af5c205a959e06198156b4b31fcd57f02c592e3fb096d7b74e8f401a6.js?body=1" for ::1 at 2016-01-23 23:11:10 -0600


Started GET "/assets/materialize/hammer.min.self-bf8bdb0953b1a135f96716e362e1f7a8e64168c914fa77ca31973bb70e57a731.js?body=1" for ::1 at 2016-01-23 23:11:10 -0600


Started GET "/assets/materialize/jquery.hammer.self-73fd69102f356b9abfc9ee242b19895f62454f42cfcfa1f066be71d2c8f41c7a.js?body=1" for ::1 at 2016-01-23 23:11:10 -0600


Started GET "/assets/materialize/global.self-90649deff3358499c5859330da1363eea3e2bef75c80df5940f3894778f95027.js?body=1" for ::1 at 2016-01-23 23:11:10 -0600


Started GET "/assets/materialize/collapsible.self-28e651bb34f045977f525ed2f35a22955e549b9e783851dba0b75b480c75abb2.js?body=1" for ::1 at 2016-01-23 23:11:10 -0600


Started GET "/assets/materialize/dropdown.self-a1ff4400a417f25698cc5cc70e36e273953beaf52226d09b3795ce3edc473a66.js?body=1" for ::1 at 2016-01-23 23:11:10 -0600


Started GET "/assets/materialize/leanModal.self-4db1374f875e0a1a2ba3389d23cae8f6f0c2672e7e69aeab7645ed51d26e6915.js?body=1" for ::1 at 2016-01-23 23:11:10 -0600


Started GET "/assets/materialize/parallax.self-7ac34f0f3dcef83deee116ea473a2770cec13e07c8e0dcce08cc2372bbe295d3.js?body=1" for ::1 at 2016-01-23 23:11:10 -0600


Started GET "/assets/materialize/materialbox.self-6c6b2ba48598681c90551b540338699c75cf2f9ada34cc4b22570c217b9292d8.js?body=1" for ::1 at 2016-01-23 23:11:10 -0600


Started GET "/assets/materialize/tabs.self-922f8a5ef8f7381c945259a9f1dcaf6d628630cda8fcbbfe182ea653091b165c.js?body=1" for ::1 at 2016-01-23 23:11:10 -0600


Started GET "/assets/materialize/tooltip.self-df3538fd067523c8b7f4d50e060340ec0b551ebaba9733e157c404df9a96a185.js?body=1" for ::1 at 2016-01-23 23:11:10 -0600


Started GET "/assets/materialize/waves.self-26e9b9cfaa9ccbc292ed510f654bd279d69695f5337a14c9800b36e92f96735b.js?body=1" for ::1 at 2016-01-23 23:11:10 -0600


Started GET "/assets/materialize/toasts.self-1eaa9f33c4c3b83f381997876ba6ac53899a5ca72a6b401708c32625fc553adc.js?body=1" for ::1 at 2016-01-23 23:11:10 -0600


Started GET "/assets/materialize/sideNav.self-d1aa0f50b6f5d0d9a7086344d806fc133274dd021e58f837cbe39e309012045b.js?body=1" for ::1 at 2016-01-23 23:11:10 -0600


Started GET "/assets/materialize/scrollspy.self-9bd8d701ac90c813a0d051ab4943150bdb536d863646d8b349c42a88edb31cf8.js?body=1" for ::1 at 2016-01-23 23:11:10 -0600


Started GET "/assets/materialize/forms.self-95e85e335577e28202a4b4034a754320f866221010ed4a0be2cbf6af0dd79f1d.js?body=1" for ::1 at 2016-01-23 23:11:10 -0600


Started GET "/assets/materialize/slider.self-8052f7188f9e8ab3d03b246d4942a4824edb9614d0d130051d11ba1354c9c798.js?body=1" for ::1 at 2016-01-23 23:11:10 -0600


Started GET "/assets/materialize/cards.self-b1de04b6f5f525d63199f556bb55d5b8bdae7170b91bfcb503958bc8ed10945b.js?body=1" for ::1 at 2016-01-23 23:11:10 -0600


Started GET "/assets/materialize/chips.self-9b19ca899ba360746581059852bf2a40b3338402eef9df9a7806efd8578056dd.js?body=1" for ::1 at 2016-01-23 23:11:10 -0600


Started GET "/assets/materialize/pushpin.self-3e487290a48f23142c992c158b45cbd0be9c83de7c23abbb33b195954d1883cd.js?body=1" for ::1 at 2016-01-23 23:11:10 -0600


Started GET "/assets/materialize/buttons.self-fc0951c300b1984a00694eabc8c451531be448d646ac073b05e4d2fbf7209302.js?body=1" for ::1 at 2016-01-23 23:11:10 -0600


Started GET "/assets/materialize/transitions.self-c527b205edfdd1f961487c4c7beaf83c335262accb4dff964341a86eb60fd2f2.js?body=1" for ::1 at 2016-01-23 23:11:10 -0600


Started GET "/assets/materialize/scrollFire.self-d38b34eac05d33baa79181ef5ba72c67b7f73714ff11cda22495d30f4469298f.js?body=1" for ::1 at 2016-01-23 23:11:10 -0600


Started GET "/assets/materialize/date_picker/picker.self-f7869dc9881d3874917e009ea6e30d68817b1bd1247665fb653e0f87393fb60f.js?body=1" for ::1 at 2016-01-23 23:11:10 -0600


Started GET "/assets/materialize/date_picker/picker.date.self-5924b278beda2df8570f137f72b37e2d0f516acbc11a0994d1abb74380f078ef.js?body=1" for ::1 at 2016-01-23 23:11:10 -0600


Started GET "/assets/materialize/character_counter.self-f3a78940ad5b851c1b7b79d86a5d5d9bdf0dc15e0e58e2a58b3eb57d845fbd37.js?body=1" for ::1 at 2016-01-23 23:11:10 -0600


Started GET "/assets/materialize/carousel.self-6f3b9002af3ab4d871a03a44d2e174370720ab31f19a4ee543c1904c32e2befa.js?body=1" for ::1 at 2016-01-23 23:11:10 -0600


Started GET "/assets/materialize-sprockets.self-4691589913babdfbd3fb736895105a8e826d4abde842e6d1e8dd2d188e255bc7.js?body=1" for ::1 at 2016-01-23 23:11:10 -0600


Started GET "/assets/application.self-a1a74291c4c48f2f663a025ffa678498d6448b849a2d74c0ca25e39ee192c0a7.js?body=1" for ::1 at 2016-01-23 23:11:10 -0600


Started GET "/assets/roboto/Roboto-Regular-b5c9c23bd12593523a46d79dd0aee80e3226bbde4c9ac05fc30a95e2c1510de0.woff2" for ::1 at 2016-01-23 23:11:10 -0600


Started GET "/posts" for ::1 at 2016-01-24 07:57:19 -0600

ActionController::RoutingError (No route matches [GET] "/posts"):
  actionpack (4.2.5) lib/action_dispatch/middleware/debug_exceptions.rb:21:in `call'
  web-console (2.2.1) lib/web_console/middleware.rb:39:in `call'
  actionpack (4.2.5) lib/action_dispatch/middleware/show_exceptions.rb:30:in `call'
  railties (4.2.5) lib/rails/rack/logger.rb:38:in `call_app'
  railties (4.2.5) lib/rails/rack/logger.rb:20:in `block in call'
  activesupport (4.2.5) lib/active_support/tagged_logging.rb:68:in `block in tagged'
  activesupport (4.2.5) lib/active_support/tagged_logging.rb:26:in `tagged'
  activesupport (4.2.5) lib/active_support/tagged_logging.rb:68:in `tagged'
  railties (4.2.5) lib/rails/rack/logger.rb:20:in `call'
  actionpack (4.2.5) lib/action_dispatch/middleware/request_id.rb:21:in `call'
  rack (1.6.4) lib/rack/methodoverride.rb:22:in `call'
  rack (1.6.4) lib/rack/runtime.rb:18:in `call'
  activesupport (4.2.5) lib/active_support/cache/strategy/local_cache_middleware.rb:28:in `call'
  rack (1.6.4) lib/rack/lock.rb:17:in `call'
  actionpack (4.2.5) lib/action_dispatch/middleware/static.rb:116:in `call'
  rack (1.6.4) lib/rack/sendfile.rb:113:in `call'
  railties (4.2.5) lib/rails/engine.rb:518:in `call'
  railties (4.2.5) lib/rails/application.rb:165:in `call'
  rack (1.6.4) lib/rack/lock.rb:17:in `call'
  rack (1.6.4) lib/rack/content_length.rb:15:in `call'
  rack (1.6.4) lib/rack/handler/webrick.rb:88:in `service'
  /Users/willgranger/.rbenv/versions/2.1.7/lib/ruby/2.1.0/webrick/httpserver.rb:138:in `service'
  /Users/willgranger/.rbenv/versions/2.1.7/lib/ruby/2.1.0/webrick/httpserver.rb:94:in `run'
  /Users/willgranger/.rbenv/versions/2.1.7/lib/ruby/2.1.0/webrick/server.rb:295:in `block in start_thread'


  Rendered /Users/willgranger/.rbenv/versions/2.1.7/lib/ruby/gems/2.1.0/gems/actionpack-4.2.5/lib/action_dispatch/middleware/templates/rescues/_trace.html.erb (2.3ms)
  Rendered /Users/willgranger/.rbenv/versions/2.1.7/lib/ruby/gems/2.1.0/gems/actionpack-4.2.5/lib/action_dispatch/middleware/templates/routes/_route.html.erb (3.0ms)
  Rendered /Users/willgranger/.rbenv/versions/2.1.7/lib/ruby/gems/2.1.0/gems/actionpack-4.2.5/lib/action_dispatch/middleware/templates/routes/_table.html.erb (12.6ms)
  Rendered /Users/willgranger/.rbenv/versions/2.1.7/lib/ruby/gems/2.1.0/gems/actionpack-4.2.5/lib/action_dispatch/middleware/templates/rescues/_request_and_response.html.erb (3.5ms)
  Rendered /Users/willgranger/.rbenv/versions/2.1.7/lib/ruby/gems/2.1.0/gems/actionpack-4.2.5/lib/action_dispatch/middleware/templates/rescues/routing_error.html.erb within rescues/layout (59.1ms)
  Rendered /Users/willgranger/.rbenv/versions/2.1.7/lib/ruby/gems/2.1.0/gems/web-console-2.2.1/lib/web_console/templates/_markup.html.erb (0.5ms)
  Rendered /Users/willgranger/.rbenv/versions/2.1.7/lib/ruby/gems/2.1.0/gems/web-console-2.2.1/lib/web_console/templates/_inner_console_markup.html.erb within layouts/inlined_string (0.6ms)
  Rendered /Users/willgranger/.rbenv/versions/2.1.7/lib/ruby/gems/2.1.0/gems/web-console-2.2.1/lib/web_console/templates/_prompt_box_markup.html.erb within layouts/inlined_string (0.4ms)
  Rendered /Users/willgranger/.rbenv/versions/2.1.7/lib/ruby/gems/2.1.0/gems/web-console-2.2.1/lib/web_console/templates/style.css.erb within layouts/inlined_string (0.3ms)
  Rendered /Users/willgranger/.rbenv/versions/2.1.7/lib/ruby/gems/2.1.0/gems/web-console-2.2.1/lib/web_console/templates/console.js.erb within layouts/javascript (20.4ms)
  Rendered /Users/willgranger/.rbenv/versions/2.1.7/lib/ruby/gems/2.1.0/gems/web-console-2.2.1/lib/web_console/templates/main.js.erb within layouts/javascript (0.4ms)
  Rendered /Users/willgranger/.rbenv/versions/2.1.7/lib/ruby/gems/2.1.0/gems/web-console-2.2.1/lib/web_console/templates/error_page.js.erb within layouts/javascript (0.4ms)
  Rendered /Users/willgranger/.rbenv/versions/2.1.7/lib/ruby/gems/2.1.0/gems/web-console-2.2.1/lib/web_console/templates/index.html.erb (41.8ms)


Started GET "/" for ::1 at 2016-01-24 07:57:21 -0600
Processing by WelcomeController#index as HTML
Completed 500 Internal Server Error in 5ms (ActiveRecord: 0.0ms)

NoMethodError (undefined method `layout' for #<WelcomeController:0x007f953bbfbe18>):
  app/controllers/welcome_controller.rb:4:in `index'


  Rendered /Users/willgranger/.rbenv/versions/2.1.7/lib/ruby/gems/2.1.0/gems/actionpack-4.2.5/lib/action_dispatch/middleware/templates/rescues/_source.erb (8.6ms)
  Rendered /Users/willgranger/.rbenv/versions/2.1.7/lib/ruby/gems/2.1.0/gems/actionpack-4.2.5/lib/action_dispatch/middleware/templates/rescues/_trace.html.erb (2.3ms)
  Rendered /Users/willgranger/.rbenv/versions/2.1.7/lib/ruby/gems/2.1.0/gems/actionpack-4.2.5/lib/action_dispatch/middleware/templates/rescues/_request_and_response.html.erb (1.0ms)
  Rendered /Users/willgranger/.rbenv/versions/2.1.7/lib/ruby/gems/2.1.0/gems/actionpack-4.2.5/lib/action_dispatch/middleware/templates/rescues/diagnostics.html.erb within rescues/layout (35.3ms)
  Rendered /Users/willgranger/.rbenv/versions/2.1.7/lib/ruby/gems/2.1.0/gems/web-console-2.2.1/lib/web_console/templates/_markup.html.erb (0.3ms)
  Rendered /Users/willgranger/.rbenv/versions/2.1.7/lib/ruby/gems/2.1.0/gems/web-console-2.2.1/lib/web_console/templates/_inner_console_markup.html.erb within layouts/inlined_string (0.5ms)
  Rendered /Users/willgranger/.rbenv/versions/2.1.7/lib/ruby/gems/2.1.0/gems/web-console-2.2.1/lib/web_console/templates/_prompt_box_markup.html.erb within layouts/inlined_string (0.5ms)
  Rendered /Users/willgranger/.rbenv/versions/2.1.7/lib/ruby/gems/2.1.0/gems/web-console-2.2.1/lib/web_console/templates/style.css.erb within layouts/inlined_string (0.4ms)
  Rendered /Users/willgranger/.rbenv/versions/2.1.7/lib/ruby/gems/2.1.0/gems/web-console-2.2.1/lib/web_console/templates/console.js.erb within layouts/javascript (17.5ms)
  Rendered /Users/willgranger/.rbenv/versions/2.1.7/lib/ruby/gems/2.1.0/gems/web-console-2.2.1/lib/web_console/templates/main.js.erb within layouts/javascript (0.3ms)
  Rendered /Users/willgranger/.rbenv/versions/2.1.7/lib/ruby/gems/2.1.0/gems/web-console-2.2.1/lib/web_console/templates/error_page.js.erb within layouts/javascript (0.4ms)
  Rendered /Users/willgranger/.rbenv/versions/2.1.7/lib/ruby/gems/2.1.0/gems/web-console-2.2.1/lib/web_console/templates/index.html.erb (33.4ms)


Started GET "/" for ::1 at 2016-01-24 07:58:54 -0600
Processing by WelcomeController#index as HTML
Completed 500 Internal Server Error in 5ms (ActiveRecord: 0.0ms)

NoMethodError (undefined method `layout' for #<WelcomeController:0x007f953af959f8>):
  app/controllers/welcome_controller.rb:4:in `index'


  Rendered /Users/willgranger/.rbenv/versions/2.1.7/lib/ruby/gems/2.1.0/gems/actionpack-4.2.5/lib/action_dispatch/middleware/templates/rescues/_source.erb (4.0ms)
  Rendered /Users/willgranger/.rbenv/versions/2.1.7/lib/ruby/gems/2.1.0/gems/actionpack-4.2.5/lib/action_dispatch/middleware/templates/rescues/_trace.html.erb (1.9ms)
  Rendered /Users/willgranger/.rbenv/versions/2.1.7/lib/ruby/gems/2.1.0/gems/actionpack-4.2.5/lib/action_dispatch/middleware/templates/rescues/_request_and_response.html.erb (0.8ms)
  Rendered /Users/willgranger/.rbenv/versions/2.1.7/lib/ruby/gems/2.1.0/gems/actionpack-4.2.5/lib/action_dispatch/middleware/templates/rescues/diagnostics.html.erb within rescues/layout (19.5ms)
  Rendered /Users/willgranger/.rbenv/versions/2.1.7/lib/ruby/gems/2.1.0/gems/web-console-2.2.1/lib/web_console/templates/_markup.html.erb (0.3ms)
  Rendered /Users/willgranger/.rbenv/versions/2.1.7/lib/ruby/gems/2.1.0/gems/web-console-2.2.1/lib/web_console/templates/_inner_console_markup.html.erb within layouts/inlined_string (0.2ms)
  Rendered /Users/willgranger/.rbenv/versions/2.1.7/lib/ruby/gems/2.1.0/gems/web-console-2.2.1/lib/web_console/templates/_prompt_box_markup.html.erb within layouts/inlined_string (0.2ms)
  Rendered /Users/willgranger/.rbenv/versions/2.1.7/lib/ruby/gems/2.1.0/gems/web-console-2.2.1/lib/web_console/templates/style.css.erb within layouts/inlined_string (0.3ms)
  Rendered /Users/willgranger/.rbenv/versions/2.1.7/lib/ruby/gems/2.1.0/gems/web-console-2.2.1/lib/web_console/templates/console.js.erb within layouts/javascript (12.8ms)
  Rendered /Users/willgranger/.rbenv/versions/2.1.7/lib/ruby/gems/2.1.0/gems/web-console-2.2.1/lib/web_console/templates/main.js.erb within layouts/javascript (0.3ms)
  Rendered /Users/willgranger/.rbenv/versions/2.1.7/lib/ruby/gems/2.1.0/gems/web-console-2.2.1/lib/web_console/templates/error_page.js.erb within layouts/javascript (0.3ms)
  Rendered /Users/willgranger/.rbenv/versions/2.1.7/lib/ruby/gems/2.1.0/gems/web-console-2.2.1/lib/web_console/templates/index.html.erb (27.5ms)


Started GET "/" for ::1 at 2016-01-24 07:59:39 -0600
Processing by WelcomeController#index as HTML
Completed 500 Internal Server Error in 7ms (ActiveRecord: 0.0ms)

ActionView::MissingTemplate (Missing template layouts/layout_for_show_only with {:locale=>[:en], :formats=>[:html], :variants=>[], :handlers=>[:erb, :builder, :raw, :ruby, :coffee, :jbuilder]}. Searched in:
  * "/Users/willgranger/Desktop/Coding/phase-3/week-7/sounds_we_saw/app/views"
):
  app/controllers/welcome_controller.rb:4:in `index'


  Rendered /Users/willgranger/.rbenv/versions/2.1.7/lib/ruby/gems/2.1.0/gems/actionpack-4.2.5/lib/action_dispatch/middleware/templates/rescues/_source.erb (4.9ms)
  Rendered /Users/willgranger/.rbenv/versions/2.1.7/lib/ruby/gems/2.1.0/gems/actionpack-4.2.5/lib/action_dispatch/middleware/templates/rescues/_trace.html.erb (2.2ms)
  Rendered /Users/willgranger/.rbenv/versions/2.1.7/lib/ruby/gems/2.1.0/gems/actionpack-4.2.5/lib/action_dispatch/middleware/templates/rescues/_request_and_response.html.erb (0.8ms)
  Rendered /Users/willgranger/.rbenv/versions/2.1.7/lib/ruby/gems/2.1.0/gems/actionpack-4.2.5/lib/action_dispatch/middleware/templates/rescues/missing_template.html.erb within rescues/layout (18.3ms)
  Rendered /Users/willgranger/.rbenv/versions/2.1.7/lib/ruby/gems/2.1.0/gems/web-console-2.2.1/lib/web_console/templates/_markup.html.erb (0.5ms)
  Rendered /Users/willgranger/.rbenv/versions/2.1.7/lib/ruby/gems/2.1.0/gems/web-console-2.2.1/lib/web_console/templates/_inner_console_markup.html.erb within layouts/inlined_string (0.3ms)
  Rendered /Users/willgranger/.rbenv/versions/2.1.7/lib/ruby/gems/2.1.0/gems/web-console-2.2.1/lib/web_console/templates/_prompt_box_markup.html.erb within layouts/inlined_string (0.3ms)
  Rendered /Users/willgranger/.rbenv/versions/2.1.7/lib/ruby/gems/2.1.0/gems/web-console-2.2.1/lib/web_console/templates/style.css.erb within layouts/inlined_string (0.3ms)
  Rendered /Users/willgranger/.rbenv/versions/2.1.7/lib/ruby/gems/2.1.0/gems/web-console-2.2.1/lib/web_console/templates/console.js.erb within layouts/javascript (12.7ms)
  Rendered /Users/willgranger/.rbenv/versions/2.1.7/lib/ruby/gems/2.1.0/gems/web-console-2.2.1/lib/web_console/templates/main.js.erb within layouts/javascript (0.4ms)
  Rendered /Users/willgranger/.rbenv/versions/2.1.7/lib/ruby/gems/2.1.0/gems/web-console-2.2.1/lib/web_console/templates/error_page.js.erb within layouts/javascript (0.3ms)
  Rendered /Users/willgranger/.rbenv/versions/2.1.7/lib/ruby/gems/2.1.0/gems/web-console-2.2.1/lib/web_console/templates/index.html.erb (29.0ms)


Started GET "/" for ::1 at 2016-01-24 07:59:50 -0600
Processing by WelcomeController#index as HTML
  Rendered welcome/index.html (0.2ms)
Completed 200 OK in 3ms (Views: 3.0ms | ActiveRecord: 0.0ms)


Started GET "/" for ::1 at 2016-01-24 08:01:37 -0600
Processing by WelcomeController#index as HTML
  Rendered welcome/index.html (24.1ms)
Completed 500 Internal Server Error in 25ms (ActiveRecord: 0.0ms)

ActionView::Template::Error (Asset was not declared to be precompiled in production.
Add `Rails.application.config.assets.precompile += %w( mixed_tape.png )` to `config/initializers/assets.rb` and restart your server):
    1: <%= image_tag "mixed_tape.png" %>
  app/views/welcome/index.html:1:in `_app_views_welcome_index_html__1839259955051161452_70139452487340'
  app/controllers/welcome_controller.rb:4:in `index'


  Rendered /Users/willgranger/.rbenv/versions/2.1.7/lib/ruby/gems/2.1.0/gems/actionpack-4.2.5/lib/action_dispatch/middleware/templates/rescues/_source.erb (5.5ms)
  Rendered /Users/willgranger/.rbenv/versions/2.1.7/lib/ruby/gems/2.1.0/gems/actionpack-4.2.5/lib/action_dispatch/middleware/templates/rescues/_trace.html.erb (2.5ms)
  Rendered /Users/willgranger/.rbenv/versions/2.1.7/lib/ruby/gems/2.1.0/gems/actionpack-4.2.5/lib/action_dispatch/middleware/templates/rescues/_request_and_response.html.erb (0.8ms)
  Rendered /Users/willgranger/.rbenv/versions/2.1.7/lib/ruby/gems/2.1.0/gems/actionpack-4.2.5/lib/action_dispatch/middleware/templates/rescues/template_error.html.erb within rescues/layout (19.3ms)
  Rendered /Users/willgranger/.rbenv/versions/2.1.7/lib/ruby/gems/2.1.0/gems/web-console-2.2.1/lib/web_console/templates/_markup.html.erb (0.2ms)
  Rendered /Users/willgranger/.rbenv/versions/2.1.7/lib/ruby/gems/2.1.0/gems/web-console-2.2.1/lib/web_console/templates/_inner_console_markup.html.erb within layouts/inlined_string (0.2ms)
  Rendered /Users/willgranger/.rbenv/versions/2.1.7/lib/ruby/gems/2.1.0/gems/web-console-2.2.1/lib/web_console/templates/_prompt_box_markup.html.erb within layouts/inlined_string (0.2ms)
  Rendered /Users/willgranger/.rbenv/versions/2.1.7/lib/ruby/gems/2.1.0/gems/web-console-2.2.1/lib/web_console/templates/style.css.erb within layouts/inlined_string (0.3ms)
  Rendered /Users/willgranger/.rbenv/versions/2.1.7/lib/ruby/gems/2.1.0/gems/web-console-2.2.1/lib/web_console/templates/console.js.erb within layouts/javascript (12.7ms)
  Rendered /Users/willgranger/.rbenv/versions/2.1.7/lib/ruby/gems/2.1.0/gems/web-console-2.2.1/lib/web_console/templates/main.js.erb within layouts/javascript (0.4ms)
  Rendered /Users/willgranger/.rbenv/versions/2.1.7/lib/ruby/gems/2.1.0/gems/web-console-2.2.1/lib/web_console/templates/error_page.js.erb within layouts/javascript (0.4ms)
  Rendered /Users/willgranger/.rbenv/versions/2.1.7/lib/ruby/gems/2.1.0/gems/web-console-2.2.1/lib/web_console/templates/index.html.erb (28.8ms)


Started GET "/" for ::1 at 2016-01-24 08:03:47 -0600
Processing by WelcomeController#index as HTML
  Rendered welcome/index.html (2.6ms)
Completed 500 Internal Server Error in 4ms (ActiveRecord: 0.0ms)

ActionView::Template::Error (Asset was not declared to be precompiled in production.
Add `Rails.application.config.assets.precompile += %w( mixed_tape.png )` to `config/initializers/assets.rb` and restart your server):
    1: <%= image_tag 'mixed_tape.png' %>
  app/views/welcome/index.html:1:in `_app_views_welcome_index_html__1839259955051161452_70139515119620'
  app/controllers/welcome_controller.rb:4:in `index'


  Rendered /Users/willgranger/.rbenv/versions/2.1.7/lib/ruby/gems/2.1.0/gems/actionpack-4.2.5/lib/action_dispatch/middleware/templates/rescues/_source.erb (5.3ms)
  Rendered /Users/willgranger/.rbenv/versions/2.1.7/lib/ruby/gems/2.1.0/gems/actionpack-4.2.5/lib/action_dispatch/middleware/templates/rescues/_trace.html.erb (2.2ms)
  Rendered /Users/willgranger/.rbenv/versions/2.1.7/lib/ruby/gems/2.1.0/gems/actionpack-4.2.5/lib/action_dispatch/middleware/templates/rescues/_request_and_response.html.erb (0.7ms)
  Rendered /Users/willgranger/.rbenv/versions/2.1.7/lib/ruby/gems/2.1.0/gems/actionpack-4.2.5/lib/action_dispatch/middleware/templates/rescues/template_error.html.erb within rescues/layout (18.4ms)
  Rendered /Users/willgranger/.rbenv/versions/2.1.7/lib/ruby/gems/2.1.0/gems/web-console-2.2.1/lib/web_console/templates/_markup.html.erb (0.3ms)
  Rendered /Users/willgranger/.rbenv/versions/2.1.7/lib/ruby/gems/2.1.0/gems/web-console-2.2.1/lib/web_console/templates/_inner_console_markup.html.erb within layouts/inlined_string (0.3ms)
  Rendered /Users/willgranger/.rbenv/versions/2.1.7/lib/ruby/gems/2.1.0/gems/web-console-2.2.1/lib/web_console/templates/_prompt_box_markup.html.erb within layouts/inlined_string (0.3ms)
  Rendered /Users/willgranger/.rbenv/versions/2.1.7/lib/ruby/gems/2.1.0/gems/web-console-2.2.1/lib/web_console/templates/style.css.erb within layouts/inlined_string (0.3ms)
  Rendered /Users/willgranger/.rbenv/versions/2.1.7/lib/ruby/gems/2.1.0/gems/web-console-2.2.1/lib/web_console/templates/console.js.erb within layouts/javascript (12.8ms)
  Rendered /Users/willgranger/.rbenv/versions/2.1.7/lib/ruby/gems/2.1.0/gems/web-console-2.2.1/lib/web_console/templates/main.js.erb within layouts/javascript (0.2ms)
  Rendered /Users/willgranger/.rbenv/versions/2.1.7/lib/ruby/gems/2.1.0/gems/web-console-2.2.1/lib/web_console/templates/error_page.js.erb within layouts/javascript (0.3ms)
  Rendered /Users/willgranger/.rbenv/versions/2.1.7/lib/ruby/gems/2.1.0/gems/web-console-2.2.1/lib/web_console/templates/index.html.erb (26.8ms)


Started GET "/" for ::1 at 2016-01-24 08:04:09 -0600
  [1m[36mActiveRecord::SchemaMigration Load (12.6ms)[0m  [1mSELECT "schema_migrations".* FROM "schema_migrations"[0m
Processing by WelcomeController#index as HTML
  Rendered welcome/index.html (653.4ms)
Completed 200 OK in 673ms (Views: 661.7ms | ActiveRecord: 0.0ms)


Started GET "/assets/mixed_tape-99f95b9e64e43d9976fafdc2f16105738220c6ae7972ae177f30c6f04066ae43.png" for ::1 at 2016-01-24 08:04:10 -0600


Started GET "/" for ::1 at 2016-01-24 08:06:56 -0600
Processing by WelcomeController#index as HTML
  Rendered welcome/index.html (1.9ms)
Completed 200 OK in 4ms (Views: 3.2ms | ActiveRecord: 0.0ms)


Started GET "/assets/mixed_tape-99f95b9e64e43d9976fafdc2f16105738220c6ae7972ae177f30c6f04066ae43.png" for ::1 at 2016-01-24 08:06:56 -0600


Started GET "/" for ::1 at 2016-01-24 08:07:03 -0600
Processing by WelcomeController#index as HTML
  Rendered welcome/index.html (1.2ms)
Completed 200 OK in 3ms (Views: 2.0ms | ActiveRecord: 0.0ms)


Started GET "/assets/mixed_tape-99f95b9e64e43d9976fafdc2f16105738220c6ae7972ae177f30c6f04066ae43.png" for ::1 at 2016-01-24 08:07:03 -0600


Started GET "/" for ::1 at 2016-01-24 08:07:53 -0600
Processing by WelcomeController#index as HTML
  Rendered welcome/index.html (1.0ms)
Completed 200 OK in 2ms (Views: 1.7ms | ActiveRecord: 0.0ms)


Started GET "/assets/mixed_tape-99f95b9e64e43d9976fafdc2f16105738220c6ae7972ae177f30c6f04066ae43.png" for ::1 at 2016-01-24 08:07:53 -0600


Started GET "/" for ::1 at 2016-01-24 08:08:00 -0600
Processing by WelcomeController#index as HTML
  Rendered welcome/index.html (1.1ms)
Completed 200 OK in 2ms (Views: 1.7ms | ActiveRecord: 0.0ms)


Started GET "/assets/mixed_tape-99f95b9e64e43d9976fafdc2f16105738220c6ae7972ae177f30c6f04066ae43.png" for ::1 at 2016-01-24 08:08:01 -0600


Started GET "/" for ::1 at 2016-01-24 08:08:11 -0600
Processing by WelcomeController#index as HTML
  Rendered welcome/index.html (1.2ms)
Completed 200 OK in 3ms (Views: 2.1ms | ActiveRecord: 0.0ms)


Started GET "/assets/mixed_tape-99f95b9e64e43d9976fafdc2f16105738220c6ae7972ae177f30c6f04066ae43.png" for ::1 at 2016-01-24 08:08:11 -0600


Started GET "/" for ::1 at 2016-01-24 08:08:22 -0600
Processing by WelcomeController#index as HTML
  Rendered welcome/index.html (1.3ms)
Completed 200 OK in 3ms (Views: 2.2ms | ActiveRecord: 0.0ms)


Started GET "/assets/mixed_tape-99f95b9e64e43d9976fafdc2f16105738220c6ae7972ae177f30c6f04066ae43.png" for ::1 at 2016-01-24 08:08:22 -0600


Started GET "/" for ::1 at 2016-01-24 08:08:34 -0600
Processing by WelcomeController#index as HTML
  Rendered welcome/index.html (1.1ms)
Completed 200 OK in 2ms (Views: 1.8ms | ActiveRecord: 0.0ms)


Started GET "/assets/mixed_tape-99f95b9e64e43d9976fafdc2f16105738220c6ae7972ae177f30c6f04066ae43.png" for ::1 at 2016-01-24 08:08:34 -0600


Started GET "/" for ::1 at 2016-01-24 08:08:41 -0600
Processing by WelcomeController#index as HTML
  Rendered welcome/index.html (2.0ms)
Completed 200 OK in 3ms (Views: 2.9ms | ActiveRecord: 0.0ms)


Started GET "/assets/mixed_tape-99f95b9e64e43d9976fafdc2f16105738220c6ae7972ae177f30c6f04066ae43.png" for ::1 at 2016-01-24 08:08:42 -0600


Started GET "/" for ::1 at 2016-01-24 08:08:47 -0600
Processing by WelcomeController#index as HTML
  Rendered welcome/index.html (1.7ms)
Completed 200 OK in 3ms (Views: 2.5ms | ActiveRecord: 0.0ms)


Started GET "/assets/mixed_tape-99f95b9e64e43d9976fafdc2f16105738220c6ae7972ae177f30c6f04066ae43.png" for ::1 at 2016-01-24 08:08:47 -0600


Started GET "/" for ::1 at 2016-01-24 08:10:24 -0600
Processing by WelcomeController#index as HTML
  Rendered welcome/index.html (1.1ms)
Completed 200 OK in 3ms (Views: 2.1ms | ActiveRecord: 0.0ms)


Started GET "/assets/mixed_tape-99f95b9e64e43d9976fafdc2f16105738220c6ae7972ae177f30c6f04066ae43.png" for ::1 at 2016-01-24 08:10:24 -0600


Started GET "/" for ::1 at 2016-01-24 08:11:04 -0600
Processing by WelcomeController#index as HTML
  Rendered welcome/index.html (0.8ms)
Completed 500 Internal Server Error in 2ms (ActiveRecord: 0.0ms)

SyntaxError (/Users/willgranger/Desktop/Coding/phase-3/week-7/sounds_we_saw/app/views/welcome/index.html:3: syntax error, unexpected '<'
...freeze;@output_buffer.append=(<a class="waves-effect waves-l...
...                               ^
/Users/willgranger/Desktop/Coding/phase-3/week-7/sounds_we_saw/app/views/welcome/index.html:4: unknown regexp option - a
unmatched close parenthesis: /a> );@output_buffer.safe_append='
<a class="waves-effect waves-light btn">Sign Up</
/Users/willgranger/Desktop/Coding/phase-3/week-7/sounds_we_saw/app/views/welcome/index.html:5: syntax error, unexpected '<'
<a class="waves-effect waves-l...
 ^
/Users/willgranger/Desktop/Coding/phase-3/week-7/sounds_we_saw/app/views/welcome/index.html:5: unterminated regexp meets end of file
/Users/willgranger/Desktop/Coding/phase-3/week-7/sounds_we_saw/app/views/welcome/index.html:5: syntax error, unexpected end-of-input, expecting ')'):
  app/views/welcome/index.html:3: syntax error, unexpected '<'
  app/views/welcome/index.html:4: unknown regexp option - a
  app/views/welcome/index.html:5: syntax error, unexpected '<'
  app/views/welcome/index.html:5: unterminated regexp meets end of file
  app/views/welcome/index.html:5: syntax error, unexpected end-of-input, expecting ')'
  app/controllers/welcome_controller.rb:4:in `index'


  Rendered /Users/willgranger/.rbenv/versions/2.1.7/lib/ruby/gems/2.1.0/gems/actionpack-4.2.5/lib/action_dispatch/middleware/templates/rescues/_source.erb (6.2ms)
  Rendered /Users/willgranger/.rbenv/versions/2.1.7/lib/ruby/gems/2.1.0/gems/actionpack-4.2.5/lib/action_dispatch/middleware/templates/rescues/_trace.html.erb (2.7ms)
  Rendered /Users/willgranger/.rbenv/versions/2.1.7/lib/ruby/gems/2.1.0/gems/actionpack-4.2.5/lib/action_dispatch/middleware/templates/rescues/_request_and_response.html.erb (0.8ms)
  Rendered /Users/willgranger/.rbenv/versions/2.1.7/lib/ruby/gems/2.1.0/gems/actionpack-4.2.5/lib/action_dispatch/middleware/templates/rescues/diagnostics.html.erb within rescues/layout (22.5ms)
  Rendered /Users/willgranger/.rbenv/versions/2.1.7/lib/ruby/gems/2.1.0/gems/web-console-2.2.1/lib/web_console/templates/_markup.html.erb (0.3ms)
  Rendered /Users/willgranger/.rbenv/versions/2.1.7/lib/ruby/gems/2.1.0/gems/web-console-2.2.1/lib/web_console/templates/_inner_console_markup.html.erb within layouts/inlined_string (0.7ms)
  Rendered /Users/willgranger/.rbenv/versions/2.1.7/lib/ruby/gems/2.1.0/gems/web-console-2.2.1/lib/web_console/templates/_prompt_box_markup.html.erb within layouts/inlined_string (0.3ms)
  Rendered /Users/willgranger/.rbenv/versions/2.1.7/lib/ruby/gems/2.1.0/gems/web-console-2.2.1/lib/web_console/templates/style.css.erb within layouts/inlined_string (0.4ms)
  Rendered /Users/willgranger/.rbenv/versions/2.1.7/lib/ruby/gems/2.1.0/gems/web-console-2.2.1/lib/web_console/templates/console.js.erb within layouts/javascript (17.5ms)
  Rendered /Users/willgranger/.rbenv/versions/2.1.7/lib/ruby/gems/2.1.0/gems/web-console-2.2.1/lib/web_console/templates/main.js.erb within layouts/javascript (0.3ms)
  Rendered /Users/willgranger/.rbenv/versions/2.1.7/lib/ruby/gems/2.1.0/gems/web-console-2.2.1/lib/web_console/templates/error_page.js.erb within layouts/javascript (0.4ms)
  Rendered /Users/willgranger/.rbenv/versions/2.1.7/lib/ruby/gems/2.1.0/gems/web-console-2.2.1/lib/web_console/templates/index.html.erb (37.4ms)


Started GET "/" for ::1 at 2016-01-24 08:11:27 -0600
Processing by WelcomeController#index as HTML
  Rendered welcome/index.html (1.2ms)
Completed 200 OK in 2ms (Views: 1.9ms | ActiveRecord: 0.0ms)


Started GET "/" for ::1 at 2016-01-24 08:12:49 -0600
Processing by WelcomeController#index as HTML
  Rendered welcome/index.html (261.2ms)
Completed 200 OK in 262ms (Views: 261.9ms | ActiveRecord: 0.0ms)


Started GET "/assets/materialize.self-64807c4e0b3f8190589b82469d74d02302ce732019200583c9417351b20dac06.css?body=1" for ::1 at 2016-01-24 08:12:49 -0600


Started GET "/assets/application.self-e80e8f2318043e8af94dddc2adad5a4f09739a8ebb323b3ab31cd71d45fd9113.css?body=1" for ::1 at 2016-01-24 08:12:49 -0600


Started GET "/assets/turbolinks.self-c37727e9bd6b2735da5c311aa83fead54ed0be6cc8bd9a65309e9c5abe2cbfff.js?body=1" for ::1 at 2016-01-24 08:12:49 -0600


Started GET "/assets/jquery.self-c64a74367bda6ef8b860f19e74df08927ca99d2be2ac934e9e92d5fd361e0da4.js?body=1" for ::1 at 2016-01-24 08:12:49 -0600


Started GET "/assets/development/react.self-7b6d4d9bb038202df4841a80039cfea3df922576794ef968c155bf58c702c25a.js?body=1" for ::1 at 2016-01-24 08:12:49 -0600


Started GET "/assets/jquery_ujs.self-d602bdfe68ffc63b9f9cc512872aa3cfff046228a0a36e90dd476e8ef54c1b09.js?body=1" for ::1 at 2016-01-24 08:12:49 -0600


Started GET "/assets/react_ujs.self-c42e5ee44bcda6910afca6fb40f99d9963074b3aefe72365ce90c24312e73b2b.js?body=1" for ::1 at 2016-01-24 08:12:49 -0600


Started GET "/assets/components.self-e3b0c44298fc1c149afbf4c8996fb92427ae41e4649b934ca495991b7852b855.js?body=1" for ::1 at 2016-01-24 08:12:49 -0600


Started GET "/assets/materialize/initial.self-5fc251c38da473321319aa59154bbaf8d6a0e5dd635dcb3e4de6f70af7ef6f5c.js?body=1" for ::1 at 2016-01-24 08:12:49 -0600


Started GET "/assets/materialize/jquery.easing.1.3.self-0170bc905fbddc075a56bdccce1be6a58f3713a14137b607ba9bd9f96fd7835f.js?body=1" for ::1 at 2016-01-24 08:12:49 -0600


Started GET "/assets/materialize/animation.self-a1028b0bcf2e26331bedf7b90e81103f0707e69fdec488aa951de94b51987767.js?body=1" for ::1 at 2016-01-24 08:12:49 -0600


Started GET "/assets/materialize/velocity.min.self-5adbb81af5c205a959e06198156b4b31fcd57f02c592e3fb096d7b74e8f401a6.js?body=1" for ::1 at 2016-01-24 08:12:49 -0600


Started GET "/assets/materialize/hammer.min.self-bf8bdb0953b1a135f96716e362e1f7a8e64168c914fa77ca31973bb70e57a731.js?body=1" for ::1 at 2016-01-24 08:12:49 -0600


Started GET "/assets/materialize/jquery.hammer.self-73fd69102f356b9abfc9ee242b19895f62454f42cfcfa1f066be71d2c8f41c7a.js?body=1" for ::1 at 2016-01-24 08:12:49 -0600


Started GET "/assets/materialize/global.self-90649deff3358499c5859330da1363eea3e2bef75c80df5940f3894778f95027.js?body=1" for ::1 at 2016-01-24 08:12:49 -0600


Started GET "/assets/materialize/collapsible.self-28e651bb34f045977f525ed2f35a22955e549b9e783851dba0b75b480c75abb2.js?body=1" for ::1 at 2016-01-24 08:12:49 -0600


Started GET "/assets/materialize/materialbox.self-6c6b2ba48598681c90551b540338699c75cf2f9ada34cc4b22570c217b9292d8.js?body=1" for ::1 at 2016-01-24 08:12:49 -0600


Started GET "/assets/materialize/dropdown.self-a1ff4400a417f25698cc5cc70e36e273953beaf52226d09b3795ce3edc473a66.js?body=1" for ::1 at 2016-01-24 08:12:49 -0600


Started GET "/assets/materialize/leanModal.self-4db1374f875e0a1a2ba3389d23cae8f6f0c2672e7e69aeab7645ed51d26e6915.js?body=1" for ::1 at 2016-01-24 08:12:49 -0600


Started GET "/assets/materialize/parallax.self-7ac34f0f3dcef83deee116ea473a2770cec13e07c8e0dcce08cc2372bbe295d3.js?body=1" for ::1 at 2016-01-24 08:12:49 -0600


Started GET "/assets/materialize/tabs.self-922f8a5ef8f7381c945259a9f1dcaf6d628630cda8fcbbfe182ea653091b165c.js?body=1" for ::1 at 2016-01-24 08:12:49 -0600


Started GET "/assets/materialize/tooltip.self-df3538fd067523c8b7f4d50e060340ec0b551ebaba9733e157c404df9a96a185.js?body=1" for ::1 at 2016-01-24 08:12:49 -0600


Started GET "/assets/materialize/waves.self-26e9b9cfaa9ccbc292ed510f654bd279d69695f5337a14c9800b36e92f96735b.js?body=1" for ::1 at 2016-01-24 08:12:49 -0600


Started GET "/assets/materialize/toasts.self-1eaa9f33c4c3b83f381997876ba6ac53899a5ca72a6b401708c32625fc553adc.js?body=1" for ::1 at 2016-01-24 08:12:49 -0600


Started GET "/assets/materialize/sideNav.self-d1aa0f50b6f5d0d9a7086344d806fc133274dd021e58f837cbe39e309012045b.js?body=1" for ::1 at 2016-01-24 08:12:49 -0600


Started GET "/assets/materialize/forms.self-95e85e335577e28202a4b4034a754320f866221010ed4a0be2cbf6af0dd79f1d.js?body=1" for ::1 at 2016-01-24 08:12:49 -0600


Started GET "/assets/materialize/scrollspy.self-9bd8d701ac90c813a0d051ab4943150bdb536d863646d8b349c42a88edb31cf8.js?body=1" for ::1 at 2016-01-24 08:12:49 -0600


Started GET "/assets/materialize/slider.self-8052f7188f9e8ab3d03b246d4942a4824edb9614d0d130051d11ba1354c9c798.js?body=1" for ::1 at 2016-01-24 08:12:49 -0600


Started GET "/assets/materialize/cards.self-b1de04b6f5f525d63199f556bb55d5b8bdae7170b91bfcb503958bc8ed10945b.js?body=1" for ::1 at 2016-01-24 08:12:49 -0600


Started GET "/assets/materialize/chips.self-9b19ca899ba360746581059852bf2a40b3338402eef9df9a7806efd8578056dd.js?body=1" for ::1 at 2016-01-24 08:12:49 -0600


Started GET "/assets/materialize/pushpin.self-3e487290a48f23142c992c158b45cbd0be9c83de7c23abbb33b195954d1883cd.js?body=1" for ::1 at 2016-01-24 08:12:49 -0600


Started GET "/assets/materialize/buttons.self-fc0951c300b1984a00694eabc8c451531be448d646ac073b05e4d2fbf7209302.js?body=1" for ::1 at 2016-01-24 08:12:49 -0600


Started GET "/assets/materialize/transitions.self-c527b205edfdd1f961487c4c7beaf83c335262accb4dff964341a86eb60fd2f2.js?body=1" for ::1 at 2016-01-24 08:12:49 -0600


Started GET "/assets/materialize/scrollFire.self-d38b34eac05d33baa79181ef5ba72c67b7f73714ff11cda22495d30f4469298f.js?body=1" for ::1 at 2016-01-24 08:12:49 -0600


Started GET "/assets/materialize/date_picker/picker.date.self-5924b278beda2df8570f137f72b37e2d0f516acbc11a0994d1abb74380f078ef.js?body=1" for ::1 at 2016-01-24 08:12:49 -0600


Started GET "/assets/materialize/date_picker/picker.self-f7869dc9881d3874917e009ea6e30d68817b1bd1247665fb653e0f87393fb60f.js?body=1" for ::1 at 2016-01-24 08:12:49 -0600


Started GET "/assets/materialize/character_counter.self-f3a78940ad5b851c1b7b79d86a5d5d9bdf0dc15e0e58e2a58b3eb57d845fbd37.js?body=1" for ::1 at 2016-01-24 08:12:49 -0600


Started GET "/assets/materialize/carousel.self-6f3b9002af3ab4d871a03a44d2e174370720ab31f19a4ee543c1904c32e2befa.js?body=1" for ::1 at 2016-01-24 08:12:49 -0600


Started GET "/assets/materialize-sprockets.self-4691589913babdfbd3fb736895105a8e826d4abde842e6d1e8dd2d188e255bc7.js?body=1" for ::1 at 2016-01-24 08:12:49 -0600


Started GET "/assets/application.self-a1a74291c4c48f2f663a025ffa678498d6448b849a2d74c0ca25e39ee192c0a7.js?body=1" for ::1 at 2016-01-24 08:12:49 -0600


Started GET "/assets/mixed_tape-99f95b9e64e43d9976fafdc2f16105738220c6ae7972ae177f30c6f04066ae43.png" for ::1 at 2016-01-24 08:12:49 -0600


Started GET "/assets/roboto/Roboto-Regular-b5c9c23bd12593523a46d79dd0aee80e3226bbde4c9ac05fc30a95e2c1510de0.woff2" for ::1 at 2016-01-24 08:12:49 -0600
